START|C:\gpc\Oasis\Data\M8206 Rev 10.txt
DATA|thd lgh|0.6600|0.6620|0.6675|0.6980|0.7000|PASS
DATA|.75|0.7400|0.7410|0.7478|0.7590|0.7600|PASS
DATA|.641|0.6310|0.6320|0.6419|0.6500|0.6510|PASS
DATA|und cut|0.6310|0.6320|0.6424|0.6500|0.6510|FAIL LOW
DATA|major|0.7385|0.7389|0.7456|0.7461|0.7465|PASS
DATA|pitch|0.7030|0.7032|0.7047|0.7063|0.7065|PASS
DATA|nose|0.4280|0.4290|0.4439|0.4470|0.4480|PASS
DATA|45 DEG| 44.50| 44.55| 44.90| 45.45| 45.50|PASS
DATA|.25 LGH|0.2400|0.2410|0.2486|0.2590|0.2600|PASS
DATA|OAL|1.5180|1.5185|1.5233|1.5275|1.5280|PASS
END|Mar 21 2017|11:05:19 PM

START|C:\gpc\Oasis\Data\M8206 Rev 10.txt
DATA|thd lgh|0.6600|0.6620|0.6667|0.6980|0.7000|PASS
DATA|.75|0.7400|0.7410|0.7485|0.7590|0.7600|PASS
DATA|.641|0.6310|0.6320|0.6419|0.6500|0.6510|PASS
DATA|und cut|0.6310|0.6320|0.6426|0.6500|0.6510|WARN HIGH
DATA|major|0.7385|0.7389|0.7454|0.7461|0.7465|PASS
DATA|pitch|0.7030|0.7032|0.7055|0.7063|0.7065|PASS
DATA|nose|0.4280|0.4290|0.4414|0.4470|0.4480|PASS
DATA|45 DEG| 44.50| 44.55| 44.64| 45.45| 45.50|PASS
DATA|.25 LGH|0.2400|0.2410|0.2476|0.2590|0.2600|PASS
DATA|OAL|1.5180|1.5185|1.5236|1.5275|1.5280|PASS
END|Mar 21 2017|11:05:43 PM

START|C:\gpc\Oasis\Data\M8206 Rev 10.txt
DATA|thd lgh|0.6600|0.6620|0.6677|0.6980|0.7000|PASS
DATA|.75|0.7400|0.7410|0.7484|0.7590|0.7600|PASS
DATA|.641|0.6310|0.6320|0.6418|0.6500|0.6510|PASS
DATA|und cut|0.6310|0.6320|0.6425|0.6500|0.6510|PASS
DATA|major|0.7385|0.7389|0.7451|0.7461|0.7465|PASS
DATA|pitch|0.7030|0.7032|0.7041|0.7063|0.7065|PASS
DATA|nose|0.4280|0.4290|0.4416|0.4470|0.4480|PASS
DATA|45 DEG| 44.50| 44.55| 44.74| 45.45| 45.50|PASS
DATA|.25 LGH|0.2400|0.2410|0.2470|0.2590|0.2600|PASS
DATA|OAL|1.5180|1.5185|1.5232|1.5275|1.5280|PASS
END|Mar 21 2017|11:05:56 PM

START|C:\gpc\Oasis\Data\M8206 Rev 10.txt
DATA|thd lgh|0.6600|0.6620|0.6660|0.6980|0.7000|PASS
DATA|.75|0.7400|0.7410|0.7473|0.7590|0.7600|PASS
DATA|.641|0.6310|0.6320|0.6418|0.6500|0.6510|PASS
DATA|und cut|0.6310|0.6320|0.6425|0.6500|0.6510|PASS
DATA|major|0.7385|0.7389|0.7459|0.7461|0.7465|PASS
DATA|pitch|0.7030|0.7032|0.7040|0.7063|0.7065|PASS
DATA|nose|0.4280|0.4290|0.4465|0.4470|0.4480|PASS
DATA|45 DEG| 44.50| 44.55| 45.02| 45.45| 45.50|PASS
DATA|.25 LGH|0.2400|0.2410|0.2476|0.2590|0.2600|PASS
DATA|OAL|1.5180|1.5185|1.5217|1.5275|1.5280|PASS
END|Mar 21 2017|11:06:23 PM

START|C:\gpc\Oasis\Data\M8206 Rev 10.txt
DATA|thd lgh|0.6600|0.6620|0.6626|0.6980|0.7000|PASS
DATA|.75|0.7400|0.7410|0.7479|0.7590|0.7600|PASS
DATA|.641|0.6310|0.6320|0.6418|0.6500|0.6510|PASS
DATA|und cut|0.6310|0.6320|0.6424|0.6500|0.6510|PASS
DATA|major|0.7385|0.7389|0.7438|0.7461|0.7465|PASS
DATA|pitch|0.7030|0.7032|0.7038|0.7063|0.7065|PASS
DATA|nose|0.4280|0.4290|0.4416|0.4470|0.4480|PASS
DATA|45 DEG| 44.50| 44.55| 45.08| 45.45| 45.50|PASS
DATA|.25 LGH|0.2400|0.2410|0.2463|0.2590|0.2600|PASS
DATA|OAL|1.5180|1.5185|1.5230|1.5275|1.5280|PASS
END|Mar 21 2017|11:06:38 PM

START|C:\gpc\Oasis\Data\M8206 Rev 10.txt
DATA|thd lgh|0.6600|0.6620|0.6694|0.6980|0.7000|PASS
DATA|.75|0.7400|0.7410|0.7499|0.7590|0.7600|PASS
DATA|.641|0.6310|0.6320|0.6416|0.6500|0.6510|PASS
DATA|und cut|0.6310|0.6320|0.6423|0.6500|0.6510|PASS
DATA|major|0.7385|0.7389|0.7434|0.7461|0.7465|PASS
DATA|pitch|0.7030|0.7032|0.7038|0.7063|0.7065|PASS
DATA|nose|0.4280|0.4290|0.4468|0.4470|0.4480|PASS
DATA|45 DEG| 44.50| 44.55| 45.15| 45.45| 45.50|PASS
DATA|.25 LGH|0.2400|0.2410|0.2472|0.2590|0.2600|PASS
DATA|OAL|1.5180|1.5185|1.5228|1.5275|1.5280|PASS
END|Mar 21 2017|11:06:49 PM

UserField1|Insp. Type:
UserField2|Inspector:
UserField3|Comments:
UserField4|Parts Made:
UserField5|Sample Size:
UserField6|Machine Number:
UserField7|Date:
UserField8|Part Number:
UserField9|Efficiency:

UserData1|
UserData2|370
UserData3|I made these parts while drunk.  Sorry.
UserData4|2725
UserData5|6
UserData6|618
UserData7|03/21/2017
UserData8|M8206 Rev 10
UserData9|77%
